<?xml version="1.0" encoding="UTF-8"?>
<coverage generated="1611141943090" clover="3.2.0">
  <project timestamp="1611141943090" name="All files">
    <metrics statements="98" coveredstatements="90" conditionals="46" coveredconditionals="43" methods="18" coveredmethods="18" elements="162" coveredelements="151" complexity="0" loc="98" ncloc="98" packages="1" files="5" classes="5"/>
    <file name="attributeFilterService.js" path="/Users/sumitsharma/Downloads/node-assignment-main/src/attributeFilterService.js">
      <metrics statements="16" coveredstatements="14" conditionals="12" coveredconditionals="12" methods="2" coveredmethods="2"/>
      <line num="3" count="1" type="stmt"/>
      <line num="4" count="27552" type="stmt"/>
      <line num="5" count="27552" type="stmt"/>
      <line num="6" count="27552" type="stmt"/>
      <line num="7" count="36736" type="cond" truecount="4" falsecount="0"/>
      <line num="8" count="18368" type="cond" truecount="4" falsecount="0"/>
      <line num="9" count="33" type="stmt"/>
      <line num="11" count="18335" type="stmt"/>
      <line num="14" count="18368" type="stmt"/>
      <line num="15" count="18368" type="cond" truecount="2" falsecount="0"/>
      <line num="16" count="1134" type="stmt"/>
      <line num="18" count="17234" type="stmt"/>
      <line num="23" count="0" type="stmt"/>
      <line num="24" count="0" type="stmt"/>
      <line num="26" count="27552" type="cond" truecount="2" falsecount="0"/>
      <line num="27" count="1096" type="stmt"/>
    </file>
    <file name="index.js" path="/Users/sumitsharma/Downloads/node-assignment-main/src/index.js">
      <metrics statements="40" coveredstatements="36" conditionals="12" coveredconditionals="9" methods="10" coveredmethods="10"/>
      <line num="1" count="1" type="stmt"/>
      <line num="2" count="1" type="stmt"/>
      <line num="3" count="1" type="stmt"/>
      <line num="4" count="1" type="stmt"/>
      <line num="5" count="1" type="stmt"/>
      <line num="6" count="1" type="stmt"/>
      <line num="9" count="1" type="stmt"/>
      <line num="11" count="1" type="stmt"/>
      <line num="12" count="15" type="stmt"/>
      <line num="13" count="15" type="stmt"/>
      <line num="14" count="15" type="stmt"/>
      <line num="16" count="0" type="stmt"/>
      <line num="19" count="15" type="stmt"/>
      <line num="20" count="15" type="stmt"/>
      <line num="24" count="1" type="stmt"/>
      <line num="26" count="15" type="stmt"/>
      <line num="27" count="17" type="cond" truecount="4" falsecount="0"/>
      <line num="28" count="4" type="stmt"/>
      <line num="30" count="13" type="stmt"/>
      <line num="33" count="13" type="stmt"/>
      <line num="34" count="13" type="stmt"/>
      <line num="38" count="13" type="stmt"/>
      <line num="39" count="13" type="stmt"/>
      <line num="40" count="13" type="stmt"/>
      <line num="41" count="13" type="stmt"/>
      <line num="42" count="13" type="stmt"/>
      <line num="46" count="13" type="stmt"/>
      <line num="50" count="29848" type="cond" truecount="2" falsecount="0"/>
      <line num="51" count="27552" type="stmt"/>
      <line num="52" count="1096" type="cond" truecount="1" falsecount="1"/>
      <line num="53" count="0" type="stmt"/>
      <line num="55" count="1096" type="stmt"/>
      <line num="58" count="2296" type="cond" truecount="1" falsecount="1"/>
      <line num="59" count="2296" type="stmt"/>
      <line num="60" count="2296" type="cond" truecount="1" falsecount="1"/>
      <line num="61" count="0" type="stmt"/>
      <line num="63" count="2296" type="stmt"/>
      <line num="69" count="13" type="stmt"/>
      <line num="70" count="13" type="stmt"/>
      <line num="73" count="0" type="stmt"/>
    </file>
    <file name="locationService.js" path="/Users/sumitsharma/Downloads/node-assignment-main/src/locationService.js">
      <metrics statements="24" coveredstatements="22" conditionals="7" coveredconditionals="7" methods="2" coveredmethods="2"/>
      <line num="3" count="1" type="stmt"/>
      <line num="4" count="2296" type="stmt"/>
      <line num="5" count="2296" type="stmt"/>
      <line num="6" count="2296" type="stmt"/>
      <line num="7" count="2296" type="stmt"/>
      <line num="8" count="2296" type="stmt"/>
      <line num="9" count="2296" type="stmt"/>
      <line num="12" count="2296" type="cond" truecount="2" falsecount="0"/>
      <line num="17" count="8" type="stmt"/>
      <line num="18" count="8" type="stmt"/>
      <line num="19" count="8" type="stmt"/>
      <line num="20" count="2288" type="cond" truecount="2" falsecount="0"/>
      <line num="21" count="2" type="stmt"/>
      <line num="24" count="0" type="stmt"/>
      <line num="26" count="2296" type="stmt"/>
      <line num="30" count="2296" type="stmt"/>
      <line num="31" count="2296" type="stmt"/>
      <line num="32" count="2296" type="stmt"/>
      <line num="33" count="2296" type="stmt"/>
      <line num="34" count="2296" type="stmt"/>
      <line num="35" count="2296" type="stmt"/>
      <line num="37" count="2296" type="stmt"/>
      <line num="48" count="2296" type="stmt"/>
      <line num="50" count="0" type="stmt"/>
    </file>
    <file name="logger.js" path="/Users/sumitsharma/Downloads/node-assignment-main/src/logger.js">
      <metrics statements="4" coveredstatements="4" conditionals="0" coveredconditionals="0" methods="1" coveredmethods="1"/>
      <line num="1" count="1" type="stmt"/>
      <line num="3" count="1" type="stmt"/>
      <line num="4" count="15" type="stmt"/>
      <line num="9" count="15" type="stmt"/>
    </file>
    <file name="requestValidator.js" path="/Users/sumitsharma/Downloads/node-assignment-main/src/requestValidator.js">
      <metrics statements="14" coveredstatements="14" conditionals="15" coveredconditionals="15" methods="3" coveredmethods="3"/>
      <line num="1" count="1" type="stmt"/>
      <line num="18" count="2" type="cond" truecount="6" falsecount="0"/>
      <line num="22" count="1" type="stmt"/>
      <line num="24" count="15" type="stmt"/>
      <line num="25" count="15" type="cond" truecount="2" falsecount="0"/>
      <line num="26" count="13" type="stmt"/>
      <line num="28" count="2" type="stmt"/>
      <line num="32" count="15" type="stmt"/>
      <line num="33" count="21" type="cond" truecount="2" falsecount="0"/>
      <line num="34" count="1" type="stmt"/>
      <line num="38" count="14" type="cond" truecount="5" falsecount="0"/>
      <line num="39" count="1" type="stmt"/>
      <line num="45" count="2" type="stmt"/>
      <line num="47" count="13" type="stmt"/>
    </file>
  </project>
</coverage>
