{"/Users/sumitsharma/Downloads/node-assignment-main/src/attributeFilterService.js": {"path":"/Users/sumitsharma/Downloads/node-assignment-main/src/attributeFilterService.js","statementMap":{"0":{"start":{"line":3,"column":0},"end":{"line":29,"column":3}},"1":{"start":{"line":4,"column":4},"end":{"line":25,"column":5}},"2":{"start":{"line":5,"column":26},"end":{"line":5,"column":28}},"3":{"start":{"line":6,"column":6},"end":{"line":21,"column":9}},"4":{"start":{"line":7,"column":8},"end":{"line":20,"column":9}},"5":{"start":{"line":8,"column":10},"end":{"line":12,"column":11}},"6":{"start":{"line":9,"column":12},"end":{"line":9,"column":37}},"7":{"start":{"line":11,"column":12},"end":{"line":11,"column":38}},"8":{"start":{"line":14,"column":22},"end":{"line":14,"column":33}},"9":{"start":{"line":15,"column":10},"end":{"line":19,"column":11}},"10":{"start":{"line":16,"column":12},"end":{"line":16,"column":37}},"11":{"start":{"line":18,"column":12},"end":{"line":18,"column":38}},"12":{"start":{"line":23,"column":6},"end":{"line":23,"column":25}},"13":{"start":{"line":24,"column":6},"end":{"line":24,"column":28}},"14":{"start":{"line":26,"column":4},"end":{"line":28,"column":5}},"15":{"start":{"line":27,"column":6},"end":{"line":27,"column":27}}},"fnMap":{"0":{"name":"(anonymous_0)","decl":{"start":{"line":3,"column":28},"end":{"line":3,"column":29}},"loc":{"start":{"line":3,"column":68},"end":{"line":29,"column":3}},"line":3},"1":{"name":"eachKey","decl":{"start":{"line":6,"column":43},"end":{"line":6,"column":50}},"loc":{"start":{"line":6,"column":56},"end":{"line":21,"column":7}},"line":6}},"branchMap":{"0":{"loc":{"start":{"line":7,"column":8},"end":{"line":20,"column":9}},"type":"if","locations":[{"start":{"line":7,"column":8},"end":{"line":20,"column":9}},{"start":{"line":7,"column":8},"end":{"line":20,"column":9}}],"line":7},"1":{"loc":{"start":{"line":7,"column":12},"end":{"line":7,"column":41}},"type":"binary-expr","locations":[{"start":{"line":7,"column":12},"end":{"line":7,"column":24}},{"start":{"line":7,"column":28},"end":{"line":7,"column":41}}],"line":7},"2":{"loc":{"start":{"line":8,"column":10},"end":{"line":12,"column":11}},"type":"if","locations":[{"start":{"line":8,"column":10},"end":{"line":12,"column":11}},{"start":{"line":8,"column":10},"end":{"line":12,"column":11}}],"line":8},"3":{"loc":{"start":{"line":8,"column":14},"end":{"line":8,"column":86}},"type":"binary-expr","locations":[{"start":{"line":8,"column":14},"end":{"line":8,"column":53}},{"start":{"line":8,"column":57},"end":{"line":8,"column":86}}],"line":8},"4":{"loc":{"start":{"line":15,"column":10},"end":{"line":19,"column":11}},"type":"if","locations":[{"start":{"line":15,"column":10},"end":{"line":19,"column":11}},{"start":{"line":15,"column":10},"end":{"line":19,"column":11}}],"line":15},"5":{"loc":{"start":{"line":26,"column":4},"end":{"line":28,"column":5}},"type":"if","locations":[{"start":{"line":26,"column":4},"end":{"line":28,"column":5}},{"start":{"line":26,"column":4},"end":{"line":28,"column":5}}],"line":26}},"s":{"0":1,"1":27552,"2":27552,"3":27552,"4":36736,"5":18368,"6":33,"7":18335,"8":18368,"9":18368,"10":1134,"11":17234,"12":0,"13":0,"14":27552,"15":1096},"f":{"0":27552,"1":36736},"b":{"0":[18368,18368],"1":[36736,27552],"2":[33,18335],"3":[18368,18356],"4":[1134,17234],"5":[1096,26456]},"_coverageSchema":"1a1c01bbd47fc00a2c39e90264f33305004495a9","hash":"fe7eab88330338f13a5a64a4549149d1acad673e"}
,"/Users/sumitsharma/Downloads/node-assignment-main/src/index.js": {"path":"/Users/sumitsharma/Downloads/node-assignment-main/src/index.js","statementMap":{"0":{"start":{"line":1,"column":9},"end":{"line":1,"column":22}},"1":{"start":{"line":2,"column":17},"end":{"line":2,"column":38}},"2":{"start":{"line":3,"column":9},"end":{"line":3,"column":32}},"3":{"start":{"line":4,"column":21},"end":{"line":4,"column":53}},"4":{"start":{"line":5,"column":22},"end":{"line":5,"column":53}},"5":{"start":{"line":6,"column":24},"end":{"line":6,"column":62}},"6":{"start":{"line":9,"column":13},"end":{"line":9,"column":35}},"7":{"start":{"line":11,"column":0},"end":{"line":21,"column":2}},"8":{"start":{"line":12,"column":18},"end":{"line":18,"column":4}},"9":{"start":{"line":13,"column":4},"end":{"line":17,"column":5}},"10":{"start":{"line":14,"column":6},"end":{"line":14,"column":30}},"11":{"start":{"line":16,"column":6},"end":{"line":16,"column":25}},"12":{"start":{"line":19,"column":2},"end":{"line":19,"column":47}},"13":{"start":{"line":20,"column":2},"end":{"line":20,"column":17}},"14":{"start":{"line":24,"column":16},"end":{"line":35,"column":1}},"15":{"start":{"line":26,"column":2},"end":{"line":32,"column":5}},"16":{"start":{"line":27,"column":4},"end":{"line":31,"column":5}},"17":{"start":{"line":28,"column":6},"end":{"line":28,"column":16}},"18":{"start":{"line":30,"column":6},"end":{"line":30,"column":27}},"19":{"start":{"line":33,"column":15},"end":{"line":33,"column":54}},"20":{"start":{"line":34,"column":2},"end":{"line":34,"column":14}},"21":{"start":{"line":38,"column":2},"end":{"line":75,"column":5}},"22":{"start":{"line":39,"column":4},"end":{"line":74,"column":5}},"23":{"start":{"line":40,"column":21},"end":{"line":40,"column":23}},"24":{"start":{"line":41,"column":21},"end":{"line":41,"column":38}},"25":{"start":{"line":42,"column":17},"end":{"line":44,"column":8}},"26":{"start":{"line":46,"column":6},"end":{"line":68,"column":8}},"27":{"start":{"line":50,"column":10},"end":{"line":66,"column":11}},"28":{"start":{"line":51,"column":12},"end":{"line":57,"column":15}},"29":{"start":{"line":52,"column":14},"end":{"line":56,"column":15}},"30":{"start":{"line":53,"column":16},"end":{"line":53,"column":28}},"31":{"start":{"line":55,"column":16},"end":{"line":55,"column":38}},"32":{"start":{"line":58,"column":17},"end":{"line":66,"column":11}},"33":{"start":{"line":59,"column":12},"end":{"line":65,"column":15}},"34":{"start":{"line":60,"column":14},"end":{"line":64,"column":15}},"35":{"start":{"line":61,"column":16},"end":{"line":61,"column":28}},"36":{"start":{"line":63,"column":16},"end":{"line":63,"column":34}},"37":{"start":{"line":69,"column":6},"end":{"line":71,"column":9}},"38":{"start":{"line":70,"column":8},"end":{"line":70,"column":26}},"39":{"start":{"line":73,"column":6},"end":{"line":73,"column":18}}},"fnMap":{"0":{"name":"(anonymous_0)","decl":{"start":{"line":11,"column":18},"end":{"line":11,"column":19}},"loc":{"start":{"line":11,"column":40},"end":{"line":21,"column":1}},"line":11},"1":{"name":"(anonymous_1)","decl":{"start":{"line":12,"column":30},"end":{"line":12,"column":31}},"loc":{"start":{"line":12,"column":56},"end":{"line":18,"column":3}},"line":12},"2":{"name":"(anonymous_2)","decl":{"start":{"line":24,"column":16},"end":{"line":24,"column":17}},"loc":{"start":{"line":24,"column":38},"end":{"line":35,"column":1}},"line":24},"3":{"name":"(anonymous_3)","decl":{"start":{"line":26,"column":30},"end":{"line":26,"column":31}},"loc":{"start":{"line":26,"column":52},"end":{"line":32,"column":3}},"line":26},"4":{"name":"handleRequest","decl":{"start":{"line":37,"column":9},"end":{"line":37,"column":22}},"loc":{"start":{"line":37,"column":42},"end":{"line":76,"column":1}},"line":37},"5":{"name":"(anonymous_5)","decl":{"start":{"line":38,"column":21},"end":{"line":38,"column":22}},"loc":{"start":{"line":38,"column":42},"end":{"line":75,"column":3}},"line":38},"6":{"name":"(anonymous_6)","decl":{"start":{"line":47,"column":19},"end":{"line":47,"column":20}},"loc":{"start":{"line":47,"column":34},"end":{"line":67,"column":9}},"line":47},"7":{"name":"(anonymous_7)","decl":{"start":{"line":51,"column":67},"end":{"line":51,"column":68}},"loc":{"start":{"line":51,"column":89},"end":{"line":57,"column":13}},"line":51},"8":{"name":"(anonymous_8)","decl":{"start":{"line":59,"column":77},"end":{"line":59,"column":78}},"loc":{"start":{"line":59,"column":98},"end":{"line":65,"column":13}},"line":59},"9":{"name":"(anonymous_9)","decl":{"start":{"line":69,"column":23},"end":{"line":69,"column":24}},"loc":{"start":{"line":69,"column":34},"end":{"line":71,"column":7}},"line":69}},"branchMap":{"0":{"loc":{"start":{"line":27,"column":4},"end":{"line":31,"column":5}},"type":"if","locations":[{"start":{"line":27,"column":4},"end":{"line":31,"column":5}},{"start":{"line":27,"column":4},"end":{"line":31,"column":5}}],"line":27},"1":{"loc":{"start":{"line":27,"column":8},"end":{"line":27,"column":39}},"type":"binary-expr","locations":[{"start":{"line":27,"column":8},"end":{"line":27,"column":19}},{"start":{"line":27,"column":23},"end":{"line":27,"column":39}}],"line":27},"2":{"loc":{"start":{"line":50,"column":10},"end":{"line":66,"column":11}},"type":"if","locations":[{"start":{"line":50,"column":10},"end":{"line":66,"column":11}},{"start":{"line":50,"column":10},"end":{"line":66,"column":11}}],"line":50},"3":{"loc":{"start":{"line":52,"column":14},"end":{"line":56,"column":15}},"type":"if","locations":[{"start":{"line":52,"column":14},"end":{"line":56,"column":15}},{"start":{"line":52,"column":14},"end":{"line":56,"column":15}}],"line":52},"4":{"loc":{"start":{"line":58,"column":17},"end":{"line":66,"column":11}},"type":"if","locations":[{"start":{"line":58,"column":17},"end":{"line":66,"column":11}},{"start":{"line":58,"column":17},"end":{"line":66,"column":11}}],"line":58},"5":{"loc":{"start":{"line":60,"column":14},"end":{"line":64,"column":15}},"type":"if","locations":[{"start":{"line":60,"column":14},"end":{"line":64,"column":15}},{"start":{"line":60,"column":14},"end":{"line":64,"column":15}}],"line":60}},"s":{"0":1,"1":1,"2":1,"3":1,"4":1,"5":1,"6":1,"7":1,"8":15,"9":15,"10":15,"11":0,"12":15,"13":15,"14":1,"15":15,"16":17,"17":4,"18":13,"19":13,"20":13,"21":13,"22":13,"23":13,"24":13,"25":13,"26":13,"27":29848,"28":27552,"29":1096,"30":0,"31":1096,"32":2296,"33":2296,"34":2296,"35":0,"36":2296,"37":13,"38":13,"39":0},"f":{"0":15,"1":15,"2":15,"3":17,"4":13,"5":13,"6":29848,"7":1096,"8":2296,"9":13},"b":{"0":[4,13],"1":[17,13],"2":[27552,2296],"3":[0,1096],"4":[2296,0],"5":[0,2296]},"_coverageSchema":"1a1c01bbd47fc00a2c39e90264f33305004495a9","hash":"7b20df82b1af5f7dfdd7404358af59c57aa9053b"}
,"/Users/sumitsharma/Downloads/node-assignment-main/src/locationService.js": {"path":"/Users/sumitsharma/Downloads/node-assignment-main/src/locationService.js","statementMap":{"0":{"start":{"line":3,"column":0},"end":{"line":27,"column":1}},"1":{"start":{"line":4,"column":4},"end":{"line":25,"column":5}},"2":{"start":{"line":5,"column":19},"end":{"line":5,"column":32}},"3":{"start":{"line":6,"column":20},"end":{"line":6,"column":34}},"4":{"start":{"line":7,"column":20},"end":{"line":7,"column":40}},"5":{"start":{"line":8,"column":21},"end":{"line":8,"column":42}},"6":{"start":{"line":9,"column":21},"end":{"line":11,"column":7}},"7":{"start":{"line":12,"column":6},"end":{"line":22,"column":7}},"8":{"start":{"line":17,"column":8},"end":{"line":17,"column":36}},"9":{"start":{"line":18,"column":8},"end":{"line":18,"column":44}},"10":{"start":{"line":19,"column":8},"end":{"line":19,"column":28}},"11":{"start":{"line":20,"column":13},"end":{"line":22,"column":7}},"12":{"start":{"line":21,"column":8},"end":{"line":21,"column":28}},"13":{"start":{"line":24,"column":6},"end":{"line":24,"column":26}},"14":{"start":{"line":26,"column":4},"end":{"line":26,"column":29}},"15":{"start":{"line":30,"column":4},"end":{"line":51,"column":5}},"16":{"start":{"line":31,"column":14},"end":{"line":31,"column":20}},"17":{"start":{"line":32,"column":18},"end":{"line":32,"column":42}},"18":{"start":{"line":33,"column":18},"end":{"line":33,"column":43}},"19":{"start":{"line":34,"column":20},"end":{"line":34,"column":33}},"20":{"start":{"line":35,"column":20},"end":{"line":35,"column":58}},"21":{"start":{"line":37,"column":8},"end":{"line":47,"column":9}},"22":{"start":{"line":48,"column":6},"end":{"line":48,"column":15}},"23":{"start":{"line":50,"column":6},"end":{"line":50,"column":18}}},"fnMap":{"0":{"name":"(anonymous_0)","decl":{"start":{"line":3,"column":30},"end":{"line":3,"column":31}},"loc":{"start":{"line":3,"column":84},"end":{"line":27,"column":1}},"line":3},"1":{"name":"calculateHaversineDistance","decl":{"start":{"line":29,"column":9},"end":{"line":29,"column":35}},"loc":{"start":{"line":29,"column":72},"end":{"line":52,"column":3}},"line":29}},"branchMap":{"0":{"loc":{"start":{"line":12,"column":6},"end":{"line":22,"column":7}},"type":"if","locations":[{"start":{"line":12,"column":6},"end":{"line":22,"column":7}},{"start":{"line":12,"column":6},"end":{"line":22,"column":7}}],"line":12},"1":{"loc":{"start":{"line":13,"column":8},"end":{"line":15,"column":35}},"type":"binary-expr","locations":[{"start":{"line":13,"column":8},"end":{"line":13,"column":37}},{"start":{"line":14,"column":8},"end":{"line":14,"column":32}},{"start":{"line":15,"column":8},"end":{"line":15,"column":35}}],"line":13},"2":{"loc":{"start":{"line":20,"column":13},"end":{"line":22,"column":7}},"type":"if","locations":[{"start":{"line":20,"column":13},"end":{"line":22,"column":7}},{"start":{"line":20,"column":13},"end":{"line":22,"column":7}}],"line":20}},"s":{"0":1,"1":2296,"2":2296,"3":2296,"4":2296,"5":2296,"6":2296,"7":2296,"8":8,"9":8,"10":8,"11":2288,"12":2,"13":0,"14":2296,"15":2296,"16":2296,"17":2296,"18":2296,"19":2296,"20":2296,"21":2296,"22":2296,"23":0},"f":{"0":2296,"1":2296},"b":{"0":[8,2288],"1":[2296,2295,2295],"2":[2,2286]},"_coverageSchema":"1a1c01bbd47fc00a2c39e90264f33305004495a9","hash":"fce189da9b41318d061f4a700081c5183930c51c"}
,"/Users/sumitsharma/Downloads/node-assignment-main/src/logger.js": {"path":"/Users/sumitsharma/Downloads/node-assignment-main/src/logger.js","statementMap":{"0":{"start":{"line":1,"column":14},"end":{"line":1,"column":32}},"1":{"start":{"line":3,"column":0},"end":{"line":10,"column":2}},"2":{"start":{"line":4,"column":17},"end":{"line":8,"column":4}},"3":{"start":{"line":9,"column":2},"end":{"line":9,"column":16}}},"fnMap":{"0":{"name":"(anonymous_0)","decl":{"start":{"line":3,"column":17},"end":{"line":3,"column":18}},"loc":{"start":{"line":3,"column":28},"end":{"line":10,"column":1}},"line":3}},"branchMap":{},"s":{"0":1,"1":1,"2":15,"3":15},"f":{"0":15},"b":{},"_coverageSchema":"1a1c01bbd47fc00a2c39e90264f33305004495a9","hash":"1f3d919c70261d0e9423c2772b93198803662bee"}
,"/Users/sumitsharma/Downloads/node-assignment-main/src/requestValidator.js": {"path":"/Users/sumitsharma/Downloads/node-assignment-main/src/requestValidator.js","statementMap":{"0":{"start":{"line":1,"column":23},"end":{"line":15,"column":1}},"1":{"start":{"line":18,"column":2},"end":{"line":19,"column":68}},"2":{"start":{"line":22,"column":0},"end":{"line":48,"column":2}},"3":{"start":{"line":24,"column":2},"end":{"line":46,"column":3}},"4":{"start":{"line":25,"column":4},"end":{"line":29,"column":5}},"5":{"start":{"line":26,"column":6},"end":{"line":26,"column":48}},"6":{"start":{"line":28,"column":6},"end":{"line":28,"column":43}},"7":{"start":{"line":32,"column":4},"end":{"line":36,"column":7}},"8":{"start":{"line":33,"column":6},"end":{"line":35,"column":7}},"9":{"start":{"line":34,"column":8},"end":{"line":34,"column":61}},"10":{"start":{"line":38,"column":4},"end":{"line":43,"column":5}},"11":{"start":{"line":39,"column":6},"end":{"line":42,"column":8}},"12":{"start":{"line":45,"column":4},"end":{"line":45,"column":26}},"13":{"start":{"line":47,"column":2},"end":{"line":47,"column":30}}},"fnMap":{"0":{"name":"isInValidLatLong","decl":{"start":{"line":17,"column":9},"end":{"line":17,"column":25}},"loc":{"start":{"line":17,"column":36},"end":{"line":20,"column":1}},"line":17},"1":{"name":"(anonymous_1)","decl":{"start":{"line":22,"column":17},"end":{"line":22,"column":18}},"loc":{"start":{"line":22,"column":49},"end":{"line":48,"column":1}},"line":22},"2":{"name":"eachKey","decl":{"start":{"line":32,"column":46},"end":{"line":32,"column":53}},"loc":{"start":{"line":32,"column":59},"end":{"line":36,"column":5}},"line":32}},"branchMap":{"0":{"loc":{"start":{"line":18,"column":9},"end":{"line":19,"column":68}},"type":"binary-expr","locations":[{"start":{"line":18,"column":9},"end":{"line":18,"column":20}},{"start":{"line":19,"column":4},"end":{"line":19,"column":14}},{"start":{"line":19,"column":18},"end":{"line":19,"column":28}},{"start":{"line":19,"column":32},"end":{"line":19,"column":43}},{"start":{"line":19,"column":47},"end":{"line":19,"column":55}},{"start":{"line":19,"column":59},"end":{"line":19,"column":68}}],"line":18},"1":{"loc":{"start":{"line":25,"column":4},"end":{"line":29,"column":5}},"type":"if","locations":[{"start":{"line":25,"column":4},"end":{"line":29,"column":5}},{"start":{"line":25,"column":4},"end":{"line":29,"column":5}}],"line":25},"2":{"loc":{"start":{"line":33,"column":6},"end":{"line":35,"column":7}},"type":"if","locations":[{"start":{"line":33,"column":6},"end":{"line":35,"column":7}},{"start":{"line":33,"column":6},"end":{"line":35,"column":7}}],"line":33},"3":{"loc":{"start":{"line":38,"column":4},"end":{"line":43,"column":5}},"type":"if","locations":[{"start":{"line":38,"column":4},"end":{"line":43,"column":5}},{"start":{"line":38,"column":4},"end":{"line":43,"column":5}}],"line":38},"4":{"loc":{"start":{"line":38,"column":8},"end":{"line":38,"column":120}},"type":"binary-expr","locations":[{"start":{"line":38,"column":9},"end":{"line":38,"column":29}},{"start":{"line":38,"column":33},"end":{"line":38,"column":54}},{"start":{"line":38,"column":59},"end":{"line":38,"column":120}}],"line":38}},"s":{"0":1,"1":2,"2":1,"3":15,"4":15,"5":13,"6":2,"7":15,"8":21,"9":1,"10":14,"11":1,"12":2,"13":13},"f":{"0":2,"1":15,"2":21},"b":{"0":[2,2,2,1,1,1],"1":[13,2],"2":[1,20],"3":[1,13],"4":[14,2,2]},"_coverageSchema":"1a1c01bbd47fc00a2c39e90264f33305004495a9","hash":"05210dec682b47d83c84367e681515b85fa65731"}
}
