TN:
SF:src/attributeFilterService.js
FN:3,(anonymous_0)
FN:6,eachKey
FNF:2
FNH:2
FNDA:27552,(anonymous_0)
FNDA:36736,eachKey
DA:3,1
DA:4,27552
DA:5,27552
DA:6,27552
DA:7,36736
DA:8,18368
DA:9,33
DA:11,18335
DA:14,18368
DA:15,18368
DA:16,1134
DA:18,17234
DA:23,0
DA:24,0
DA:26,27552
DA:27,1096
LF:16
LH:14
BRDA:7,0,0,18368
BRDA:7,0,1,18368
BRDA:7,1,0,36736
BRDA:7,1,1,27552
BRDA:8,2,0,33
BRDA:8,2,1,18335
BRDA:8,3,0,18368
BRDA:8,3,1,18356
BRDA:15,4,0,1134
BRDA:15,4,1,17234
BRDA:26,5,0,1096
BRDA:26,5,1,26456
BRF:12
BRH:12
end_of_record
TN:
SF:src/index.js
FN:11,(anonymous_0)
FN:12,(anonymous_1)
FN:24,(anonymous_2)
FN:26,(anonymous_3)
FN:37,handleRequest
FN:38,(anonymous_5)
FN:47,(anonymous_6)
FN:51,(anonymous_7)
FN:59,(anonymous_8)
FN:69,(anonymous_9)
FNF:10
FNH:10
FNDA:15,(anonymous_0)
FNDA:15,(anonymous_1)
FNDA:15,(anonymous_2)
FNDA:17,(anonymous_3)
FNDA:13,handleRequest
FNDA:13,(anonymous_5)
FNDA:29848,(anonymous_6)
FNDA:1096,(anonymous_7)
FNDA:2296,(anonymous_8)
FNDA:13,(anonymous_9)
DA:1,1
DA:2,1
DA:3,1
DA:4,1
DA:5,1
DA:6,1
DA:9,1
DA:11,1
DA:12,15
DA:13,15
DA:14,15
DA:16,0
DA:19,15
DA:20,15
DA:24,1
DA:26,15
DA:27,17
DA:28,4
DA:30,13
DA:33,13
DA:34,13
DA:38,13
DA:39,13
DA:40,13
DA:41,13
DA:42,13
DA:46,13
DA:50,29848
DA:51,27552
DA:52,1096
DA:53,0
DA:55,1096
DA:58,2296
DA:59,2296
DA:60,2296
DA:61,0
DA:63,2296
DA:69,13
DA:70,13
DA:73,0
LF:40
LH:36
BRDA:27,0,0,4
BRDA:27,0,1,13
BRDA:27,1,0,17
BRDA:27,1,1,13
BRDA:50,2,0,27552
BRDA:50,2,1,2296
BRDA:52,3,0,0
BRDA:52,3,1,1096
BRDA:58,4,0,2296
BRDA:58,4,1,0
BRDA:60,5,0,0
BRDA:60,5,1,2296
BRF:12
BRH:9
end_of_record
TN:
SF:src/locationService.js
FN:3,(anonymous_0)
FN:29,calculateHaversineDistance
FNF:2
FNH:2
FNDA:2296,(anonymous_0)
FNDA:2296,calculateHaversineDistance
DA:3,1
DA:4,2296
DA:5,2296
DA:6,2296
DA:7,2296
DA:8,2296
DA:9,2296
DA:12,2296
DA:17,8
DA:18,8
DA:19,8
DA:20,2288
DA:21,2
DA:24,0
DA:26,2296
DA:30,2296
DA:31,2296
DA:32,2296
DA:33,2296
DA:34,2296
DA:35,2296
DA:37,2296
DA:48,2296
DA:50,0
LF:24
LH:22
BRDA:12,0,0,8
BRDA:12,0,1,2288
BRDA:13,1,0,2296
BRDA:13,1,1,2295
BRDA:13,1,2,2295
BRDA:20,2,0,2
BRDA:20,2,1,2286
BRF:7
BRH:7
end_of_record
TN:
SF:src/logger.js
FN:3,(anonymous_0)
FNF:1
FNH:1
FNDA:15,(anonymous_0)
DA:1,1
DA:3,1
DA:4,15
DA:9,15
LF:4
LH:4
BRF:0
BRH:0
end_of_record
TN:
SF:src/requestValidator.js
FN:17,isInValidLatLong
FN:22,(anonymous_1)
FN:32,eachKey
FNF:3
FNH:3
FNDA:2,isInValidLatLong
FNDA:15,(anonymous_1)
FNDA:21,eachKey
DA:1,1
DA:18,2
DA:22,1
DA:24,15
DA:25,15
DA:26,13
DA:28,2
DA:32,15
DA:33,21
DA:34,1
DA:38,14
DA:39,1
DA:45,2
DA:47,13
LF:14
LH:14
BRDA:18,0,0,2
BRDA:18,0,1,2
BRDA:18,0,2,2
BRDA:18,0,3,1
BRDA:18,0,4,1
BRDA:18,0,5,1
BRDA:25,1,0,13
BRDA:25,1,1,2
BRDA:33,2,0,1
BRDA:33,2,1,20
BRDA:38,3,0,1
BRDA:38,3,1,13
BRDA:38,4,0,14
BRDA:38,4,1,2
BRDA:38,4,2,2
BRF:15
BRH:15
end_of_record
